<?xml version="1.0" encoding="UTF-8"?>
<!-- Generated by org.testng.reporters.JUnitReportReporter -->
<testsuite hostname="DESKTOP-OMFBO4B" name="calculator.calcy" tests="4" failures="0" timestamp="25 Sep 2018 06:07:06 GMT" time="0.013" errors="0">
  <testcase name="mult" time="0.002" classname="calculator.calcy"/>
  <testcase name="sub" time="0.000" classname="calculator.calcy"/>
  <testcase name="sum" time="0.001" classname="calculator.calcy"/>
  <testcase name="div" time="0.010" classname="calculator.calcy"/>
</testsuite> <!-- calculator.calcy -->
