<?xml version="1.0" encoding="UTF-8"?>
<!-- Generated by org.testng.reporters.JUnitReportReporter -->
<testsuite hostname="DESKTOP-OMFBO4B" name="calculator.calcy3" tests="4" failures="0" timestamp="25 Sep 2018 08:50:13 GMT" time="0.012" errors="0">
  <testcase name="sub" time="0.001" classname="calculator.calcy3"/>
  <testcase name="div" time="0.009" classname="calculator.calcy3"/>
  <testcase name="sum" time="0.001" classname="calculator.calcy3"/>
  <testcase name="mult" time="0.001" classname="calculator.calcy3"/>
</testsuite> <!-- calculator.calcy3 -->
