<?xml version="1.0" encoding="UTF-8"?>
<!-- Generated by org.testng.reporters.JUnitReportReporter -->
<testsuite hostname="DESKTOP-OMFBO4B" name="calculator.calcy1" tests="4" failures="0" timestamp="25 Sep 2018 06:07:06 GMT" time="0.006" errors="0">
  <testcase name="sub" time="0.002" classname="calculator.calcy1"/>
  <testcase name="mult" time="0.001" classname="calculator.calcy1"/>
  <testcase name="div" time="0.001" classname="calculator.calcy1"/>
  <testcase name="sum" time="0.002" classname="calculator.calcy1"/>
</testsuite> <!-- calculator.calcy1 -->
